<?xml version="1.0" encoding="utf-8" ?>
<root>
    <npc name="thomas">
        <state name="default">
            <dlg>Hello fellow newgrounder I am the tom fulp of the new grounds dot com</dlg>
            <dlg>Are we talking about tom fulp? I love talking about tom fulp.</dlg>
            <dlg if="SECRET_LOVE_OF_THE_TOM">btw I only say this to people I enjoy the company of. But I love you.</dlg>
        </state>
        <state name="default" if="THE_IRE_OF_TOM">
            <dlg>You disappoint me. Be gone from my sight.</dlg>
        </state>
    </npc>
    <npc name="tombstone">
        <state name="default">
            <dlg>Here lies Tankmas ADVENTure Calendar 2023's hopes and dreams.</dlg>
            <dlg>"I died before I could live."</dlg>
        </state>
    </npc>
    <npc name="concierge">
        <state name="default">
            <dlg>Good tidings... Future guests.</dlg>
            <dlg>Your patience will be rewarded... Shortly...</dlg>
            <dlg>Hotel Check-ins will be commencing... Any moment now...</dlg>
            <dlg>Warmth awaits you soon... Yes... Soon...</dlg>
        </state>
    </npc>
    <npc name="concierge-old">
        <state name="default">
            <dlg>Good tidings... Future guests...</dlg>
            <dlg>Do you desire... Accommodations of a warmer... Variety?</dlg>
            <dlg>All this... Could be arranged... If one is to be... Patient...</dlg>
            <dlg>For now... Consume golden morsels to your delight... For now...</dlg>
            <dlg>...For now...</dlg>
        </state>
    </npc>
    <npc name="lil-jimby">
        <state name="default">
            <dlg>Hey man whazz goin on</dlg>
            <dlg>Hey man I can feel it man big things comin soon man</dlg>
            <dlg>I can feel it in my BONES man... and I don't even HAVE those man</dlg>
            <dlg>Stay tuned right here man big things comin soon</dlg>
            <dlg>You heard it from me first man Lil Jimby @ GeistBeatz dot com</dlg>
        </state>
    </npc>
    <npc name="javert">
        <state name="default">
            <dlg>C'est how you say the staging of ze big reveal</dlg>
            <dlg>O? You do not know what it iz I am talking about?</dlg>
            <dlg>So ringarde! Ze living do not appreciate ze vibez of de metaphyizical world, yes?</dlg>
            <dlg>Go on now to your little sweet puff peasent treats, hon hon hon!</dlg>
        </state>
    </npc>
    <npc name="mallow">
        <state name="default">
            <dlg>Shh... Dude... Keep it down!</dlg>
            <dlg>Did you see what's going on out there? They're absolutely crazy.</dlg>
            <dlg>They're doing the same thing every single day! Thousands of times!</dlg>
            <dlg>Impaling cute lil marshmallows just like me on wooden stakes! Then eating them!</dlg>
            <dlg>It's sick! But you wouldn't do that, would you?</dlg>
        </state>
    </npc>
</root>